<?xml version="1.0" encoding="UTF-8"?>
<!-- Generated by org.testng.reporters.JUnitReportReporter -->
<testsuite hostname="DESKTOP-930H2SV" name="com.rmgyantra.api.projecttest.CreateProjectOnGoingStatus" tests="1" failures="0" timestamp="18 Aug 2020 07:27:52 GMT" time="1.738" errors="0">
  <testcase name="createProjectTest" time="1.738" classname="com.rmgyantra.api.projecttest.CreateProjectOnGoingStatus"/>
</testsuite> <!-- com.rmgyantra.api.projecttest.CreateProjectOnGoingStatus -->
