<?xml version="1.0" encoding="UTF-8"?>
<!-- Generated by org.testng.reporters.JUnitReportReporter -->
<testsuite hostname="DESKTOP-930H2SV" name="com.rmgyantra.api.projecttest.CreateProjectCompletedStaus" tests="1" failures="0" timestamp="18 Aug 2020 07:27:52 GMT" time="0.105" errors="0">
  <testcase name="createProjectTest" time="0.105" classname="com.rmgyantra.api.projecttest.CreateProjectCompletedStaus"/>
</testsuite> <!-- com.rmgyantra.api.projecttest.CreateProjectCompletedStaus -->
