<?xml version="1.0" encoding="UTF-8"?>
<!-- Generated by org.testng.reporters.JUnitReportReporter -->
<testsuite hostname="DESKTOP-930H2SV" name="com.rmgyantra.api.projecttest.CreateProject" tests="1" failures="0" timestamp="18 Aug 2020 07:27:52 GMT" time="0.157" errors="0">
  <testcase name="createProjectTest" time="0.157" classname="com.rmgyantra.api.projecttest.CreateProject"/>
</testsuite> <!-- com.rmgyantra.api.projecttest.CreateProject -->
